2022-01-19 18:38:00,969 INFO [background-preinit] o.h.v.i.u.Version [Version.java:21] HV000001: Hibernate Validator 6.2.0.Final
2022-01-19 18:38:00,970 INFO [main] k.p.r.PetRegistryPatientsApplication [StartupInfoLogger.java:55] Starting PetRegistryPatientsApplication using Java 16.0.2 on WIN-SGTN0HOF7FO with PID 7984 (C:\Users\lanko\Desktop\Рабочий вариант\PetRegPat\PetRegistryPatients 2.2\target\classes started by lanko in C:\Users\lanko\Desktop\Рабочий вариант\PetRegPat\PetRegistryPatients 2.2)
2022-01-19 18:38:00,972 INFO [main] k.p.r.PetRegistryPatientsApplication [SpringApplication.java:635] No active profile set, falling back to default profiles: default
2022-01-19 18:38:01,949 INFO [main] o.s.d.r.c.RepositoryConfigurationDelegate [RepositoryConfigurationDelegate.java:132] Bootstrapping Spring Data JPA repositories in DEFAULT mode.
2022-01-19 18:38:02,011 INFO [main] o.s.d.r.c.RepositoryConfigurationDelegate [RepositoryConfigurationDelegate.java:201] Finished Spring Data repository scanning in 61 ms. Found 5 JPA repository interfaces.
2022-01-19 18:38:02,566 INFO [main] o.s.b.w.e.t.TomcatWebServer [TomcatWebServer.java:108] Tomcat initialized with port(s): 8080 (http)
2022-01-19 18:38:02,581 INFO [main] o.a.c.h.Http11NioProtocol [DirectJDKLog.java:173] Initializing ProtocolHandler ["http-nio-8080"]
2022-01-19 18:38:02,581 INFO [main] o.a.c.c.StandardService [DirectJDKLog.java:173] Starting service [Tomcat]
2022-01-19 18:38:02,581 INFO [main] o.a.c.c.StandardEngine [DirectJDKLog.java:173] Starting Servlet engine: [Apache Tomcat/9.0.56]
2022-01-19 18:38:02,666 INFO [main] o.a.c.c.C.[.[.[/] [DirectJDKLog.java:173] Initializing Spring embedded WebApplicationContext
2022-01-19 18:38:02,666 INFO [main] o.s.b.w.s.c.ServletWebServerApplicationContext [ServletWebServerApplicationContext.java:290] Root WebApplicationContext: initialization completed in 1674 ms
2022-01-19 18:38:02,890 INFO [main] o.h.j.i.u.LogHelper [LogHelper.java:31] HHH000204: Processing PersistenceUnitInfo [name: default]
2022-01-19 18:38:02,921 INFO [main] o.h.Version [Version.java:44] HHH000412: Hibernate ORM core version 5.6.3.Final
2022-01-19 18:38:03,013 INFO [main] o.h.a.c.Version [JavaReflectionManager.java:56] HCANN000001: Hibernate Commons Annotations {5.1.2.Final}
2022-01-19 18:38:03,082 INFO [main] c.z.h.HikariDataSource [HikariDataSource.java:110] HikariPool-1 - Starting...
2022-01-19 18:38:03,352 INFO [main] c.z.h.HikariDataSource [HikariDataSource.java:123] HikariPool-1 - Start completed.
2022-01-19 18:38:03,367 INFO [main] o.h.d.Dialect [Dialect.java:175] HHH000400: Using dialect: org.hibernate.dialect.PostgreSQL10Dialect
2022-01-19 18:38:03,931 INFO [main] o.h.e.t.j.p.i.JtaPlatformInitiator [JtaPlatformInitiator.java:52] HHH000490: Using JtaPlatform implementation: [org.hibernate.engine.transaction.jta.platform.internal.NoJtaPlatform]
2022-01-19 18:38:03,937 INFO [main] o.s.o.j.LocalContainerEntityManagerFactoryBean [AbstractEntityManagerFactoryBean.java:437] Initialized JPA EntityManagerFactory for persistence unit 'default'
2022-01-19 18:38:04,416 WARN [main] o.s.b.a.o.j.JpaBaseConfiguration$JpaWebConfiguration [JpaBaseConfiguration.java:219] spring.jpa.open-in-view is enabled by default. Therefore, database queries may be performed during view rendering. Explicitly configure spring.jpa.open-in-view to disable this warning
2022-01-19 18:38:04,820 INFO [main] o.s.s.w.DefaultSecurityFilterChain [DefaultSecurityFilterChain.java:51] Will secure any request with [org.springframework.security.web.context.request.async.WebAsyncManagerIntegrationFilter@7dbbf730, org.springframework.security.web.context.SecurityContextPersistenceFilter@7c523bdd, org.springframework.security.web.header.HeaderWriterFilter@634d3439, org.springframework.security.web.authentication.logout.LogoutFilter@5db66c3, JwtTokenFilter@d02c00, org.springframework.security.web.savedrequest.RequestCacheAwareFilter@7af0693b, org.springframework.security.web.servletapi.SecurityContextHolderAwareRequestFilter@4b4228cf, org.springframework.security.web.authentication.AnonymousAuthenticationFilter@7c4a5ef2, org.springframework.security.web.session.SessionManagementFilter@57806346, org.springframework.security.web.access.ExceptionTranslationFilter@77972964, org.springframework.security.web.access.intercept.FilterSecurityInterceptor@263e512e]
2022-01-19 18:38:05,241 INFO [main] o.s.b.a.w.s.WelcomePageHandlerMapping [WelcomePageHandlerMapping.java:53] Adding welcome page: class path resource [static/index.html]
2022-01-19 18:38:06,258 INFO [main] o.a.c.h.Http11NioProtocol [DirectJDKLog.java:173] Starting ProtocolHandler ["http-nio-8080"]
2022-01-19 18:38:06,289 INFO [main] o.s.b.w.e.t.TomcatWebServer [TomcatWebServer.java:220] Tomcat started on port(s): 8080 (http) with context path ''
2022-01-19 18:38:06,289 INFO [main] k.p.r.PetRegistryPatientsApplication [StartupInfoLogger.java:61] Started PetRegistryPatientsApplication in 5.771 seconds (JVM running for 7.177)
2022-01-19 18:38:50,725 INFO [http-nio-8080-exec-2] o.a.c.c.C.[.[.[/] [DirectJDKLog.java:173] Initializing Spring DispatcherServlet 'dispatcherServlet'
2022-01-19 18:38:50,726 INFO [http-nio-8080-exec-2] o.s.w.s.DispatcherServlet [FrameworkServlet.java:525] Initializing Servlet 'dispatcherServlet'
2022-01-19 18:38:50,727 INFO [http-nio-8080-exec-2] o.s.w.s.DispatcherServlet [FrameworkServlet.java:547] Completed initialization in 1 ms
2022-01-19 18:38:50,737 ERROR [http-nio-8080-exec-2] o.a.c.c.C.[.[.[.[dispatcherServlet] [DirectJDKLog.java:175] Servlet.service() for servlet [dispatcherServlet] in context with path [] threw exception
org.springframework.security.web.firewall.RequestRejectedException: The request was rejected because the URL contained a potentially malicious String "//"
	at org.springframework.security.web.firewall.StrictHttpFirewall.rejectedBlocklistedUrls(StrictHttpFirewall.java:456)
	at org.springframework.security.web.firewall.StrictHttpFirewall.getFirewalledRequest(StrictHttpFirewall.java:429)
	at org.springframework.security.web.FilterChainProxy.doFilterInternal(FilterChainProxy.java:196)
	at org.springframework.security.web.FilterChainProxy.doFilter(FilterChainProxy.java:183)
	at org.springframework.web.filter.DelegatingFilterProxy.invokeDelegate(DelegatingFilterProxy.java:354)
	at org.springframework.web.filter.DelegatingFilterProxy.doFilter(DelegatingFilterProxy.java:267)
	at org.apache.catalina.core.ApplicationFilterChain.internalDoFilter(ApplicationFilterChain.java:189)
	at org.apache.catalina.core.ApplicationFilterChain.doFilter(ApplicationFilterChain.java:162)
	at org.springframework.web.filter.RequestContextFilter.doFilterInternal(RequestContextFilter.java:100)
	at org.springframework.web.filter.OncePerRequestFilter.doFilter(OncePerRequestFilter.java:117)
	at org.apache.catalina.core.ApplicationFilterChain.internalDoFilter(ApplicationFilterChain.java:189)
	at org.apache.catalina.core.ApplicationFilterChain.doFilter(ApplicationFilterChain.java:162)
	at org.springframework.web.filter.FormContentFilter.doFilterInternal(FormContentFilter.java:93)
	at org.springframework.web.filter.OncePerRequestFilter.doFilter(OncePerRequestFilter.java:117)
	at org.apache.catalina.core.ApplicationFilterChain.internalDoFilter(ApplicationFilterChain.java:189)
	at org.apache.catalina.core.ApplicationFilterChain.doFilter(ApplicationFilterChain.java:162)
	at org.springframework.web.filter.CharacterEncodingFilter.doFilterInternal(CharacterEncodingFilter.java:201)
	at org.springframework.web.filter.OncePerRequestFilter.doFilter(OncePerRequestFilter.java:117)
	at org.apache.catalina.core.ApplicationFilterChain.internalDoFilter(ApplicationFilterChain.java:189)
	at org.apache.catalina.core.ApplicationFilterChain.doFilter(ApplicationFilterChain.java:162)
	at org.apache.catalina.core.StandardWrapperValve.invoke(StandardWrapperValve.java:197)
	at org.apache.catalina.core.StandardContextValve.invoke(StandardContextValve.java:97)
	at org.apache.catalina.authenticator.AuthenticatorBase.invoke(AuthenticatorBase.java:540)
	at org.apache.catalina.core.StandardHostValve.invoke(StandardHostValve.java:135)
	at org.apache.catalina.valves.ErrorReportValve.invoke(ErrorReportValve.java:92)
	at org.apache.catalina.core.StandardEngineValve.invoke(StandardEngineValve.java:78)
	at org.apache.catalina.connector.CoyoteAdapter.service(CoyoteAdapter.java:357)
	at org.apache.coyote.http11.Http11Processor.service(Http11Processor.java:382)
	at org.apache.coyote.AbstractProcessorLight.process(AbstractProcessorLight.java:65)
	at org.apache.coyote.AbstractProtocol$ConnectionHandler.process(AbstractProtocol.java:895)
	at org.apache.tomcat.util.net.NioEndpoint$SocketProcessor.doRun(NioEndpoint.java:1732)
	at org.apache.tomcat.util.net.SocketProcessorBase.run(SocketProcessorBase.java:49)
	at org.apache.tomcat.util.threads.ThreadPoolExecutor.runWorker(ThreadPoolExecutor.java:1191)
	at org.apache.tomcat.util.threads.ThreadPoolExecutor$Worker.run(ThreadPoolExecutor.java:659)
	at org.apache.tomcat.util.threads.TaskThread$WrappingRunnable.run(TaskThread.java:61)
	at java.base/java.lang.Thread.run(Thread.java:831)
2022-01-19 18:40:14,091 INFO [SpringApplicationShutdownHook] o.s.o.j.LocalContainerEntityManagerFactoryBean [AbstractEntityManagerFactoryBean.java:651] Closing JPA EntityManagerFactory for persistence unit 'default'
2022-01-19 18:40:14,107 INFO [SpringApplicationShutdownHook] c.z.h.HikariDataSource [HikariDataSource.java:350] HikariPool-1 - Shutdown initiated...
2022-01-19 18:40:14,107 INFO [SpringApplicationShutdownHook] c.z.h.HikariDataSource [HikariDataSource.java:352] HikariPool-1 - Shutdown completed.
2022-01-19 18:40:19,314 INFO [background-preinit] o.h.v.i.u.Version [Version.java:21] HV000001: Hibernate Validator 6.2.0.Final
2022-01-19 18:40:19,314 INFO [main] k.p.r.PetRegistryPatientsApplication [StartupInfoLogger.java:55] Starting PetRegistryPatientsApplication using Java 16.0.2 on WIN-SGTN0HOF7FO with PID 3384 (C:\Users\lanko\Desktop\Рабочий вариант\PetRegPat\PetRegistryPatients 2.2\target\classes started by lanko in C:\Users\lanko\Desktop\Рабочий вариант\PetRegPat\PetRegistryPatients 2.2)
2022-01-19 18:40:19,314 INFO [main] k.p.r.PetRegistryPatientsApplication [SpringApplication.java:635] No active profile set, falling back to default profiles: default
2022-01-19 18:40:21,431 INFO [main] o.s.d.r.c.RepositoryConfigurationDelegate [RepositoryConfigurationDelegate.java:132] Bootstrapping Spring Data JPA repositories in DEFAULT mode.
2022-01-19 18:40:21,531 INFO [main] o.s.d.r.c.RepositoryConfigurationDelegate [RepositoryConfigurationDelegate.java:201] Finished Spring Data repository scanning in 89 ms. Found 5 JPA repository interfaces.
2022-01-19 18:40:22,332 INFO [main] o.s.b.w.e.t.TomcatWebServer [TomcatWebServer.java:108] Tomcat initialized with port(s): 8080 (http)
2022-01-19 18:40:22,332 INFO [main] o.a.c.h.Http11NioProtocol [DirectJDKLog.java:173] Initializing ProtocolHandler ["http-nio-8080"]
2022-01-19 18:40:22,332 INFO [main] o.a.c.c.StandardService [DirectJDKLog.java:173] Starting service [Tomcat]
2022-01-19 18:40:22,332 INFO [main] o.a.c.c.StandardEngine [DirectJDKLog.java:173] Starting Servlet engine: [Apache Tomcat/9.0.56]
2022-01-19 18:40:22,464 INFO [main] o.a.c.c.C.[.[.[/] [DirectJDKLog.java:173] Initializing Spring embedded WebApplicationContext
2022-01-19 18:40:22,464 INFO [main] o.s.b.w.s.c.ServletWebServerApplicationContext [ServletWebServerApplicationContext.java:290] Root WebApplicationContext: initialization completed in 3105 ms
2022-01-19 18:40:22,749 INFO [main] o.h.j.i.u.LogHelper [LogHelper.java:31] HHH000204: Processing PersistenceUnitInfo [name: default]
2022-01-19 18:40:22,802 INFO [main] o.h.Version [Version.java:44] HHH000412: Hibernate ORM core version 5.6.3.Final
2022-01-19 18:40:22,939 INFO [main] o.h.a.c.Version [JavaReflectionManager.java:56] HCANN000001: Hibernate Commons Annotations {5.1.2.Final}
2022-01-19 18:40:23,033 INFO [main] c.z.h.HikariDataSource [HikariDataSource.java:110] HikariPool-1 - Starting...
2022-01-19 18:40:23,218 INFO [main] c.z.h.HikariDataSource [HikariDataSource.java:123] HikariPool-1 - Start completed.
2022-01-19 18:40:23,234 INFO [main] o.h.d.Dialect [Dialect.java:175] HHH000400: Using dialect: org.hibernate.dialect.PostgreSQL10Dialect
2022-01-19 18:40:24,084 INFO [main] o.h.e.t.j.p.i.JtaPlatformInitiator [JtaPlatformInitiator.java:52] HHH000490: Using JtaPlatform implementation: [org.hibernate.engine.transaction.jta.platform.internal.NoJtaPlatform]
2022-01-19 18:40:24,100 INFO [main] o.s.o.j.LocalContainerEntityManagerFactoryBean [AbstractEntityManagerFactoryBean.java:437] Initialized JPA EntityManagerFactory for persistence unit 'default'
2022-01-19 18:40:24,736 WARN [main] o.s.b.a.o.j.JpaBaseConfiguration$JpaWebConfiguration [JpaBaseConfiguration.java:219] spring.jpa.open-in-view is enabled by default. Therefore, database queries may be performed during view rendering. Explicitly configure spring.jpa.open-in-view to disable this warning
2022-01-19 18:40:25,322 INFO [main] o.s.s.w.DefaultSecurityFilterChain [DefaultSecurityFilterChain.java:51] Will secure any request with [org.springframework.security.web.context.request.async.WebAsyncManagerIntegrationFilter@4880a9d, org.springframework.security.web.context.SecurityContextPersistenceFilter@73230721, org.springframework.security.web.header.HeaderWriterFilter@43312512, org.springframework.security.web.authentication.logout.LogoutFilter@656c0eae, JwtTokenFilter@6de9bba2, org.springframework.security.web.savedrequest.RequestCacheAwareFilter@125a8ab6, org.springframework.security.web.servletapi.SecurityContextHolderAwareRequestFilter@41948c13, org.springframework.security.web.authentication.AnonymousAuthenticationFilter@48f2d51d, org.springframework.security.web.session.SessionManagementFilter@22ed2886, org.springframework.security.web.access.ExceptionTranslationFilter@58e4aa67, org.springframework.security.web.access.intercept.FilterSecurityInterceptor@4e826fd4]
2022-01-19 18:40:25,970 INFO [main] o.s.b.a.w.s.WelcomePageHandlerMapping [WelcomePageHandlerMapping.java:53] Adding welcome page: class path resource [static/index.html]
2022-01-19 18:40:27,188 INFO [main] o.a.c.h.Http11NioProtocol [DirectJDKLog.java:173] Starting ProtocolHandler ["http-nio-8080"]
2022-01-19 18:40:27,210 INFO [main] o.s.b.w.e.t.TomcatWebServer [TomcatWebServer.java:220] Tomcat started on port(s): 8080 (http) with context path ''
2022-01-19 18:40:27,226 INFO [main] k.p.r.PetRegistryPatientsApplication [StartupInfoLogger.java:61] Started PetRegistryPatientsApplication in 8.382 seconds (JVM running for 10.082)
2022-01-19 18:40:39,612 INFO [SpringApplicationShutdownHook] o.s.o.j.LocalContainerEntityManagerFactoryBean [AbstractEntityManagerFactoryBean.java:651] Closing JPA EntityManagerFactory for persistence unit 'default'
2022-01-19 18:40:39,612 INFO [SpringApplicationShutdownHook] c.z.h.HikariDataSource [HikariDataSource.java:350] HikariPool-1 - Shutdown initiated...
2022-01-19 18:40:39,612 INFO [SpringApplicationShutdownHook] c.z.h.HikariDataSource [HikariDataSource.java:352] HikariPool-1 - Shutdown completed.
2022-01-19 18:40:45,481 INFO [background-preinit] o.h.v.i.u.Version [Version.java:21] HV000001: Hibernate Validator 6.2.0.Final
2022-01-19 18:40:45,481 INFO [main] k.p.r.PetRegistryPatientsApplication [StartupInfoLogger.java:55] Starting PetRegistryPatientsApplication using Java 16.0.2 on WIN-SGTN0HOF7FO with PID 128 (C:\Users\lanko\Desktop\Рабочий вариант\PetRegPat\PetRegistryPatients 2.2\target\classes started by lanko in C:\Users\lanko\Desktop\Рабочий вариант\PetRegPat\PetRegistryPatients 2.2)
2022-01-19 18:40:45,481 INFO [main] k.p.r.PetRegistryPatientsApplication [SpringApplication.java:635] No active profile set, falling back to default profiles: default
2022-01-19 18:40:46,339 INFO [main] o.s.d.r.c.RepositoryConfigurationDelegate [RepositoryConfigurationDelegate.java:132] Bootstrapping Spring Data JPA repositories in DEFAULT mode.
2022-01-19 18:40:46,408 INFO [main] o.s.d.r.c.RepositoryConfigurationDelegate [RepositoryConfigurationDelegate.java:201] Finished Spring Data repository scanning in 70 ms. Found 5 JPA repository interfaces.
2022-01-19 18:40:47,093 INFO [main] o.s.b.w.e.t.TomcatWebServer [TomcatWebServer.java:108] Tomcat initialized with port(s): 8080 (http)
2022-01-19 18:40:47,093 INFO [main] o.a.c.h.Http11NioProtocol [DirectJDKLog.java:173] Initializing ProtocolHandler ["http-nio-8080"]
2022-01-19 18:40:47,093 INFO [main] o.a.c.c.StandardService [DirectJDKLog.java:173] Starting service [Tomcat]
2022-01-19 18:40:47,093 INFO [main] o.a.c.c.StandardEngine [DirectJDKLog.java:173] Starting Servlet engine: [Apache Tomcat/9.0.56]
2022-01-19 18:40:47,209 INFO [main] o.a.c.c.C.[.[.[/] [DirectJDKLog.java:173] Initializing Spring embedded WebApplicationContext
2022-01-19 18:40:47,209 INFO [main] o.s.b.w.s.c.ServletWebServerApplicationContext [ServletWebServerApplicationContext.java:290] Root WebApplicationContext: initialization completed in 1678 ms
2022-01-19 18:40:47,478 INFO [main] o.h.j.i.u.LogHelper [LogHelper.java:31] HHH000204: Processing PersistenceUnitInfo [name: default]
2022-01-19 18:40:47,509 INFO [main] o.h.Version [Version.java:44] HHH000412: Hibernate ORM core version 5.6.3.Final
2022-01-19 18:40:47,647 INFO [main] o.h.a.c.Version [JavaReflectionManager.java:56] HCANN000001: Hibernate Commons Annotations {5.1.2.Final}
2022-01-19 18:40:47,747 INFO [main] c.z.h.HikariDataSource [HikariDataSource.java:110] HikariPool-1 - Starting...
2022-01-19 18:40:47,910 INFO [main] c.z.h.HikariDataSource [HikariDataSource.java:123] HikariPool-1 - Start completed.
2022-01-19 18:40:47,926 INFO [main] o.h.d.Dialect [Dialect.java:175] HHH000400: Using dialect: org.hibernate.dialect.PostgreSQL10Dialect
2022-01-19 18:40:48,618 INFO [main] o.h.e.t.j.p.i.JtaPlatformInitiator [JtaPlatformInitiator.java:52] HHH000490: Using JtaPlatform implementation: [org.hibernate.engine.transaction.jta.platform.internal.NoJtaPlatform]
2022-01-19 18:40:48,618 INFO [main] o.s.o.j.LocalContainerEntityManagerFactoryBean [AbstractEntityManagerFactoryBean.java:437] Initialized JPA EntityManagerFactory for persistence unit 'default'
2022-01-19 18:40:49,250 WARN [main] o.s.b.a.o.j.JpaBaseConfiguration$JpaWebConfiguration [JpaBaseConfiguration.java:219] spring.jpa.open-in-view is enabled by default. Therefore, database queries may be performed during view rendering. Explicitly configure spring.jpa.open-in-view to disable this warning
2022-01-19 18:40:49,699 INFO [main] o.s.s.w.DefaultSecurityFilterChain [DefaultSecurityFilterChain.java:51] Will secure any request with [org.springframework.security.web.context.request.async.WebAsyncManagerIntegrationFilter@5400db7e, org.springframework.security.web.context.SecurityContextPersistenceFilter@792b9dd3, org.springframework.security.web.header.HeaderWriterFilter@57fec63f, org.springframework.security.web.authentication.logout.LogoutFilter@448fa659, JwtTokenFilter@6d5de79a, org.springframework.security.web.savedrequest.RequestCacheAwareFilter@7730da00, org.springframework.security.web.servletapi.SecurityContextHolderAwareRequestFilter@4ed19540, org.springframework.security.web.authentication.AnonymousAuthenticationFilter@a84b6de, org.springframework.security.web.session.SessionManagementFilter@73230721, org.springframework.security.web.access.ExceptionTranslationFilter@66ab088c, org.springframework.security.web.access.intercept.FilterSecurityInterceptor@5b5a89d1]
2022-01-19 18:40:50,200 INFO [main] o.s.b.a.w.s.WelcomePageHandlerMapping [WelcomePageHandlerMapping.java:53] Adding welcome page: class path resource [static/index.html]
2022-01-19 18:40:51,334 INFO [main] o.a.c.h.Http11NioProtocol [DirectJDKLog.java:173] Starting ProtocolHandler ["http-nio-8080"]
2022-01-19 18:40:51,356 INFO [main] o.s.b.w.e.t.TomcatWebServer [TomcatWebServer.java:220] Tomcat started on port(s): 8080 (http) with context path ''
2022-01-19 18:40:51,356 INFO [main] k.p.r.PetRegistryPatientsApplication [StartupInfoLogger.java:61] Started PetRegistryPatientsApplication in 6.297 seconds (JVM running for 7.391)
2022-01-19 18:58:17,551 INFO [SpringApplicationShutdownHook] o.s.o.j.LocalContainerEntityManagerFactoryBean [AbstractEntityManagerFactoryBean.java:651] Closing JPA EntityManagerFactory for persistence unit 'default'
2022-01-19 18:58:17,553 INFO [SpringApplicationShutdownHook] c.z.h.HikariDataSource [HikariDataSource.java:350] HikariPool-1 - Shutdown initiated...
2022-01-19 18:58:17,560 INFO [SpringApplicationShutdownHook] c.z.h.HikariDataSource [HikariDataSource.java:352] HikariPool-1 - Shutdown completed.
2022-01-19 18:58:34,810 INFO [background-preinit] o.h.v.i.u.Version [Version.java:21] HV000001: Hibernate Validator 6.2.0.Final
2022-01-19 18:58:34,816 INFO [main] k.p.r.PetRegistryPatientsApplication [StartupInfoLogger.java:55] Starting PetRegistryPatientsApplication using Java 16.0.2 on WIN-SGTN0HOF7FO with PID 2056 (C:\Users\lanko\Desktop\Рабочий вариант\PetRegPat\PetRegistryPatients 2.2\target\classes started by lanko in C:\Users\lanko\Desktop\Рабочий вариант\PetRegPat\PetRegistryPatients 2.2)
2022-01-19 18:58:34,817 INFO [main] k.p.r.PetRegistryPatientsApplication [SpringApplication.java:635] No active profile set, falling back to default profiles: default
2022-01-19 18:58:35,738 INFO [main] o.s.d.r.c.RepositoryConfigurationDelegate [RepositoryConfigurationDelegate.java:132] Bootstrapping Spring Data JPA repositories in DEFAULT mode.
2022-01-19 18:58:35,831 INFO [main] o.s.d.r.c.RepositoryConfigurationDelegate [RepositoryConfigurationDelegate.java:201] Finished Spring Data repository scanning in 80 ms. Found 5 JPA repository interfaces.
2022-01-19 18:58:36,488 INFO [main] o.s.b.w.e.t.TomcatWebServer [TomcatWebServer.java:108] Tomcat initialized with port(s): 8080 (http)
2022-01-19 18:58:36,496 INFO [main] o.a.c.h.Http11NioProtocol [DirectJDKLog.java:173] Initializing ProtocolHandler ["http-nio-8080"]
2022-01-19 18:58:36,496 INFO [main] o.a.c.c.StandardService [DirectJDKLog.java:173] Starting service [Tomcat]
2022-01-19 18:58:36,497 INFO [main] o.a.c.c.StandardEngine [DirectJDKLog.java:173] Starting Servlet engine: [Apache Tomcat/9.0.56]
2022-01-19 18:58:36,603 INFO [main] o.a.c.c.C.[.[.[/] [DirectJDKLog.java:173] Initializing Spring embedded WebApplicationContext
2022-01-19 18:58:36,604 INFO [main] o.s.b.w.s.c.ServletWebServerApplicationContext [ServletWebServerApplicationContext.java:290] Root WebApplicationContext: initialization completed in 1745 ms
2022-01-19 18:58:36,836 INFO [main] o.h.j.i.u.LogHelper [LogHelper.java:31] HHH000204: Processing PersistenceUnitInfo [name: default]
2022-01-19 18:58:36,870 INFO [main] o.h.Version [Version.java:44] HHH000412: Hibernate ORM core version 5.6.3.Final
2022-01-19 18:58:36,969 INFO [main] o.h.a.c.Version [JavaReflectionManager.java:56] HCANN000001: Hibernate Commons Annotations {5.1.2.Final}
2022-01-19 18:58:37,038 INFO [main] c.z.h.HikariDataSource [HikariDataSource.java:110] HikariPool-1 - Starting...
2022-01-19 18:58:37,192 INFO [main] c.z.h.HikariDataSource [HikariDataSource.java:123] HikariPool-1 - Start completed.
2022-01-19 18:58:37,225 INFO [main] o.h.d.Dialect [Dialect.java:175] HHH000400: Using dialect: org.hibernate.dialect.PostgreSQL10Dialect
2022-01-19 18:58:37,808 INFO [main] o.h.e.t.j.p.i.JtaPlatformInitiator [JtaPlatformInitiator.java:52] HHH000490: Using JtaPlatform implementation: [org.hibernate.engine.transaction.jta.platform.internal.NoJtaPlatform]
2022-01-19 18:58:37,808 INFO [main] o.s.o.j.LocalContainerEntityManagerFactoryBean [AbstractEntityManagerFactoryBean.java:437] Initialized JPA EntityManagerFactory for persistence unit 'default'
2022-01-19 18:58:38,356 WARN [main] o.s.b.a.o.j.JpaBaseConfiguration$JpaWebConfiguration [JpaBaseConfiguration.java:219] spring.jpa.open-in-view is enabled by default. Therefore, database queries may be performed during view rendering. Explicitly configure spring.jpa.open-in-view to disable this warning
2022-01-19 18:58:38,742 INFO [main] o.s.s.w.DefaultSecurityFilterChain [DefaultSecurityFilterChain.java:51] Will secure any request with [org.springframework.security.web.context.request.async.WebAsyncManagerIntegrationFilter@38e052b2, org.springframework.security.web.context.SecurityContextPersistenceFilter@28d7bd6b, org.springframework.security.web.header.HeaderWriterFilter@2259d54f, org.springframework.security.web.authentication.logout.LogoutFilter@56b48163, JwtTokenFilter@6719f206, org.springframework.security.web.savedrequest.RequestCacheAwareFilter@110318a7, org.springframework.security.web.servletapi.SecurityContextHolderAwareRequestFilter@af007d6, org.springframework.security.web.authentication.AnonymousAuthenticationFilter@7fa68ff4, org.springframework.security.web.session.SessionManagementFilter@3741071d, org.springframework.security.web.access.ExceptionTranslationFilter@4e25282d, org.springframework.security.web.access.intercept.FilterSecurityInterceptor@4cd6f08b]
2022-01-19 18:58:39,157 INFO [main] o.s.b.a.w.s.WelcomePageHandlerMapping [WelcomePageHandlerMapping.java:53] Adding welcome page: class path resource [static/index.html]
2022-01-19 18:58:40,160 INFO [main] o.a.c.h.Http11NioProtocol [DirectJDKLog.java:173] Starting ProtocolHandler ["http-nio-8080"]
2022-01-19 18:58:40,176 INFO [main] o.s.b.w.e.t.TomcatWebServer [TomcatWebServer.java:220] Tomcat started on port(s): 8080 (http) with context path ''
2022-01-19 18:58:40,194 INFO [main] k.p.r.PetRegistryPatientsApplication [StartupInfoLogger.java:61] Started PetRegistryPatientsApplication in 5.957 seconds (JVM running for 6.951)
2022-01-19 18:59:15,784 INFO [http-nio-8080-exec-2] o.a.c.c.C.[.[.[/] [DirectJDKLog.java:173] Initializing Spring DispatcherServlet 'dispatcherServlet'
2022-01-19 18:59:15,784 INFO [http-nio-8080-exec-2] o.s.w.s.DispatcherServlet [FrameworkServlet.java:525] Initializing Servlet 'dispatcherServlet'
2022-01-19 18:59:15,785 INFO [http-nio-8080-exec-2] o.s.w.s.DispatcherServlet [FrameworkServlet.java:547] Completed initialization in 0 ms
2022-01-19 18:59:26,480 INFO [SpringApplicationShutdownHook] o.s.o.j.LocalContainerEntityManagerFactoryBean [AbstractEntityManagerFactoryBean.java:651] Closing JPA EntityManagerFactory for persistence unit 'default'
2022-01-19 18:59:26,480 INFO [SpringApplicationShutdownHook] c.z.h.HikariDataSource [HikariDataSource.java:350] HikariPool-1 - Shutdown initiated...
2022-01-19 18:59:26,495 INFO [SpringApplicationShutdownHook] c.z.h.HikariDataSource [HikariDataSource.java:352] HikariPool-1 - Shutdown completed.
2022-01-19 19:02:35,502 INFO [background-preinit] o.h.v.i.u.Version [Version.java:21] HV000001: Hibernate Validator 6.2.0.Final
2022-01-19 19:02:35,502 INFO [main] k.p.r.PetRegistryPatientsApplication [StartupInfoLogger.java:55] Starting PetRegistryPatientsApplication using Java 16.0.2 on WIN-SGTN0HOF7FO with PID 7892 (C:\Users\lanko\Desktop\Рабочий вариант\PetRegPat\PetRegistryPatients 2.2\target\classes started by lanko in C:\Users\lanko\Desktop\Рабочий вариант\PetRegPat\PetRegistryPatients 2.2)
2022-01-19 19:02:35,506 INFO [main] k.p.r.PetRegistryPatientsApplication [SpringApplication.java:635] No active profile set, falling back to default profiles: default
2022-01-19 19:02:36,249 INFO [main] o.s.d.r.c.RepositoryConfigurationDelegate [RepositoryConfigurationDelegate.java:132] Bootstrapping Spring Data JPA repositories in DEFAULT mode.
2022-01-19 19:02:36,318 INFO [main] o.s.d.r.c.RepositoryConfigurationDelegate [RepositoryConfigurationDelegate.java:201] Finished Spring Data repository scanning in 64 ms. Found 5 JPA repository interfaces.
2022-01-19 19:02:36,919 INFO [main] o.s.b.w.e.t.TomcatWebServer [TomcatWebServer.java:108] Tomcat initialized with port(s): 8080 (http)
2022-01-19 19:02:36,935 INFO [main] o.a.c.h.Http11NioProtocol [DirectJDKLog.java:173] Initializing ProtocolHandler ["http-nio-8080"]
2022-01-19 19:02:36,935 INFO [main] o.a.c.c.StandardService [DirectJDKLog.java:173] Starting service [Tomcat]
2022-01-19 19:02:36,935 INFO [main] o.a.c.c.StandardEngine [DirectJDKLog.java:173] Starting Servlet engine: [Apache Tomcat/9.0.56]
2022-01-19 19:02:37,035 INFO [main] o.a.c.c.C.[.[.[/] [DirectJDKLog.java:173] Initializing Spring embedded WebApplicationContext
2022-01-19 19:02:37,035 INFO [main] o.s.b.w.s.c.ServletWebServerApplicationContext [ServletWebServerApplicationContext.java:290] Root WebApplicationContext: initialization completed in 1507 ms
2022-01-19 19:02:37,251 INFO [main] o.h.j.i.u.LogHelper [LogHelper.java:31] HHH000204: Processing PersistenceUnitInfo [name: default]
2022-01-19 19:02:37,298 INFO [main] o.h.Version [Version.java:44] HHH000412: Hibernate ORM core version 5.6.3.Final
2022-01-19 19:02:37,405 INFO [main] o.h.a.c.Version [JavaReflectionManager.java:56] HCANN000001: Hibernate Commons Annotations {5.1.2.Final}
2022-01-19 19:02:37,467 INFO [main] c.z.h.HikariDataSource [HikariDataSource.java:110] HikariPool-1 - Starting...
2022-01-19 19:02:37,621 INFO [main] c.z.h.HikariDataSource [HikariDataSource.java:123] HikariPool-1 - Start completed.
2022-01-19 19:02:37,644 INFO [main] o.h.d.Dialect [Dialect.java:175] HHH000400: Using dialect: org.hibernate.dialect.PostgreSQL10Dialect
2022-01-19 19:02:38,184 INFO [main] o.h.e.t.j.p.i.JtaPlatformInitiator [JtaPlatformInitiator.java:52] HHH000490: Using JtaPlatform implementation: [org.hibernate.engine.transaction.jta.platform.internal.NoJtaPlatform]
2022-01-19 19:02:38,200 INFO [main] o.s.o.j.LocalContainerEntityManagerFactoryBean [AbstractEntityManagerFactoryBean.java:437] Initialized JPA EntityManagerFactory for persistence unit 'default'
2022-01-19 19:02:38,707 WARN [main] o.s.b.a.o.j.JpaBaseConfiguration$JpaWebConfiguration [JpaBaseConfiguration.java:219] spring.jpa.open-in-view is enabled by default. Therefore, database queries may be performed during view rendering. Explicitly configure spring.jpa.open-in-view to disable this warning
2022-01-19 19:02:39,070 INFO [main] o.s.s.w.DefaultSecurityFilterChain [DefaultSecurityFilterChain.java:51] Will secure any request with [org.springframework.security.web.context.request.async.WebAsyncManagerIntegrationFilter@43312512, org.springframework.security.web.context.SecurityContextPersistenceFilter@7164e28a, org.springframework.security.web.header.HeaderWriterFilter@f472245, org.springframework.security.web.authentication.logout.LogoutFilter@fdf029a, JwtTokenFilter@d02c00, org.springframework.security.web.savedrequest.RequestCacheAwareFilter@7bc6b117, org.springframework.security.web.servletapi.SecurityContextHolderAwareRequestFilter@4d9cf71d, org.springframework.security.web.authentication.AnonymousAuthenticationFilter@13f7c165, org.springframework.security.web.session.SessionManagementFilter@281963c, org.springframework.security.web.access.ExceptionTranslationFilter@289cf7db, org.springframework.security.web.access.intercept.FilterSecurityInterceptor@34d3409d]
2022-01-19 19:02:39,470 INFO [main] o.s.b.a.w.s.WelcomePageHandlerMapping [WelcomePageHandlerMapping.java:53] Adding welcome page: class path resource [static/index.html]
2022-01-19 19:02:40,388 INFO [main] o.a.c.h.Http11NioProtocol [DirectJDKLog.java:173] Starting ProtocolHandler ["http-nio-8080"]
2022-01-19 19:02:40,439 INFO [main] o.s.b.w.e.t.TomcatWebServer [TomcatWebServer.java:220] Tomcat started on port(s): 8080 (http) with context path ''
2022-01-19 19:02:40,455 INFO [main] k.p.r.PetRegistryPatientsApplication [StartupInfoLogger.java:61] Started PetRegistryPatientsApplication in 5.378 seconds (JVM running for 6.23)
2022-01-19 19:02:47,285 INFO [http-nio-8080-exec-2] o.a.c.c.C.[.[.[/] [DirectJDKLog.java:173] Initializing Spring DispatcherServlet 'dispatcherServlet'
2022-01-19 19:02:47,286 INFO [http-nio-8080-exec-2] o.s.w.s.DispatcherServlet [FrameworkServlet.java:525] Initializing Servlet 'dispatcherServlet'
2022-01-19 19:02:47,287 INFO [http-nio-8080-exec-2] o.s.w.s.DispatcherServlet [FrameworkServlet.java:547] Completed initialization in 1 ms
2022-01-19 19:04:32,101 INFO [SpringApplicationShutdownHook] o.s.o.j.LocalContainerEntityManagerFactoryBean [AbstractEntityManagerFactoryBean.java:651] Closing JPA EntityManagerFactory for persistence unit 'default'
2022-01-19 19:04:32,101 INFO [SpringApplicationShutdownHook] c.z.h.HikariDataSource [HikariDataSource.java:350] HikariPool-1 - Shutdown initiated...
2022-01-19 19:04:32,101 INFO [SpringApplicationShutdownHook] c.z.h.HikariDataSource [HikariDataSource.java:352] HikariPool-1 - Shutdown completed.
2022-01-19 19:06:09,766 INFO [main] k.p.r.PetRegistryPatientsApplication [StartupInfoLogger.java:55] Starting PetRegistryPatientsApplication using Java 16.0.2 on WIN-SGTN0HOF7FO with PID 8588 (C:\Users\lanko\Desktop\Рабочий вариант\PetRegPat\PetRegistryPatients 2.2\target\classes started by lanko in C:\Users\lanko\Desktop\Рабочий вариант\PetRegPat\PetRegistryPatients 2.2)
2022-01-19 19:06:09,766 INFO [background-preinit] o.h.v.i.u.Version [Version.java:21] HV000001: Hibernate Validator 6.2.0.Final
2022-01-19 19:06:09,766 INFO [main] k.p.r.PetRegistryPatientsApplication [SpringApplication.java:635] No active profile set, falling back to default profiles: default
2022-01-19 19:06:10,456 INFO [main] o.s.d.r.c.RepositoryConfigurationDelegate [RepositoryConfigurationDelegate.java:132] Bootstrapping Spring Data JPA repositories in DEFAULT mode.
2022-01-19 19:06:10,525 INFO [main] o.s.d.r.c.RepositoryConfigurationDelegate [RepositoryConfigurationDelegate.java:201] Finished Spring Data repository scanning in 61 ms. Found 5 JPA repository interfaces.
2022-01-19 19:06:11,100 INFO [main] o.s.b.w.e.t.TomcatWebServer [TomcatWebServer.java:108] Tomcat initialized with port(s): 8080 (http)
2022-01-19 19:06:11,110 INFO [main] o.a.c.h.Http11NioProtocol [DirectJDKLog.java:173] Initializing ProtocolHandler ["http-nio-8080"]
2022-01-19 19:06:11,110 INFO [main] o.a.c.c.StandardService [DirectJDKLog.java:173] Starting service [Tomcat]
2022-01-19 19:06:11,110 INFO [main] o.a.c.c.StandardEngine [DirectJDKLog.java:173] Starting Servlet engine: [Apache Tomcat/9.0.56]
2022-01-19 19:06:11,204 INFO [main] o.a.c.c.C.[.[.[/] [DirectJDKLog.java:173] Initializing Spring embedded WebApplicationContext
2022-01-19 19:06:11,204 INFO [main] o.s.b.w.s.c.ServletWebServerApplicationContext [ServletWebServerApplicationContext.java:290] Root WebApplicationContext: initialization completed in 1411 ms
2022-01-19 19:06:11,411 INFO [main] o.h.j.i.u.LogHelper [LogHelper.java:31] HHH000204: Processing PersistenceUnitInfo [name: default]
2022-01-19 19:06:11,473 INFO [main] o.h.Version [Version.java:44] HHH000412: Hibernate ORM core version 5.6.3.Final
2022-01-19 19:06:11,573 INFO [main] o.h.a.c.Version [JavaReflectionManager.java:56] HCANN000001: Hibernate Commons Annotations {5.1.2.Final}
2022-01-19 19:06:11,676 INFO [main] c.z.h.HikariDataSource [HikariDataSource.java:110] HikariPool-1 - Starting...
2022-01-19 19:06:11,827 INFO [main] c.z.h.HikariDataSource [HikariDataSource.java:123] HikariPool-1 - Start completed.
2022-01-19 19:06:11,866 INFO [main] o.h.d.Dialect [Dialect.java:175] HHH000400: Using dialect: org.hibernate.dialect.PostgreSQL10Dialect
2022-01-19 19:06:12,512 INFO [main] o.h.e.t.j.p.i.JtaPlatformInitiator [JtaPlatformInitiator.java:52] HHH000490: Using JtaPlatform implementation: [org.hibernate.engine.transaction.jta.platform.internal.NoJtaPlatform]
2022-01-19 19:06:12,512 INFO [main] o.s.o.j.LocalContainerEntityManagerFactoryBean [AbstractEntityManagerFactoryBean.java:437] Initialized JPA EntityManagerFactory for persistence unit 'default'
2022-01-19 19:06:13,065 WARN [main] o.s.b.a.o.j.JpaBaseConfiguration$JpaWebConfiguration [JpaBaseConfiguration.java:219] spring.jpa.open-in-view is enabled by default. Therefore, database queries may be performed during view rendering. Explicitly configure spring.jpa.open-in-view to disable this warning
2022-01-19 19:06:13,450 INFO [main] o.s.s.w.DefaultSecurityFilterChain [DefaultSecurityFilterChain.java:51] Will secure any request with [org.springframework.security.web.context.request.async.WebAsyncManagerIntegrationFilter@5eb9bf7d, org.springframework.security.web.context.SecurityContextPersistenceFilter@110318a7, org.springframework.security.web.header.HeaderWriterFilter@2184962c, org.springframework.security.web.authentication.logout.LogoutFilter@4cd1716d, JwtTokenFilter@3605ab16, org.springframework.security.web.savedrequest.RequestCacheAwareFilter@7d216ee8, org.springframework.security.web.servletapi.SecurityContextHolderAwareRequestFilter@22d47f09, org.springframework.security.web.authentication.AnonymousAuthenticationFilter@64f613da, org.springframework.security.web.session.SessionManagementFilter@1791396b, org.springframework.security.web.access.ExceptionTranslationFilter@634d3439, org.springframework.security.web.access.intercept.FilterSecurityInterceptor@3055f310]
2022-01-19 19:06:13,830 INFO [main] o.s.b.a.w.s.WelcomePageHandlerMapping [WelcomePageHandlerMapping.java:53] Adding welcome page: class path resource [static/index.html]
2022-01-19 19:06:14,795 INFO [main] o.a.c.h.Http11NioProtocol [DirectJDKLog.java:173] Starting ProtocolHandler ["http-nio-8080"]
2022-01-19 19:06:14,817 INFO [main] o.s.b.w.e.t.TomcatWebServer [TomcatWebServer.java:220] Tomcat started on port(s): 8080 (http) with context path ''
2022-01-19 19:06:14,817 INFO [main] k.p.r.PetRegistryPatientsApplication [StartupInfoLogger.java:61] Started PetRegistryPatientsApplication in 5.491 seconds (JVM running for 6.315)
2022-01-19 19:06:40,874 INFO [http-nio-8080-exec-2] o.a.c.c.C.[.[.[/] [DirectJDKLog.java:173] Initializing Spring DispatcherServlet 'dispatcherServlet'
2022-01-19 19:06:40,874 INFO [http-nio-8080-exec-2] o.s.w.s.DispatcherServlet [FrameworkServlet.java:525] Initializing Servlet 'dispatcherServlet'
2022-01-19 19:06:40,875 INFO [http-nio-8080-exec-2] o.s.w.s.DispatcherServlet [FrameworkServlet.java:547] Completed initialization in 1 ms
2022-01-19 20:10:56,380 INFO [SpringApplicationShutdownHook] o.s.o.j.LocalContainerEntityManagerFactoryBean [AbstractEntityManagerFactoryBean.java:651] Closing JPA EntityManagerFactory for persistence unit 'default'
2022-01-19 20:10:56,385 INFO [SpringApplicationShutdownHook] c.z.h.HikariDataSource [HikariDataSource.java:350] HikariPool-1 - Shutdown initiated...
2022-01-19 20:10:56,390 INFO [SpringApplicationShutdownHook] c.z.h.HikariDataSource [HikariDataSource.java:352] HikariPool-1 - Shutdown completed.
2022-01-19 20:11:07,100 INFO [background-preinit] o.h.v.i.u.Version [Version.java:21] HV000001: Hibernate Validator 6.2.0.Final
2022-01-19 20:11:07,100 INFO [main] k.p.r.PetRegistryPatientsApplication [StartupInfoLogger.java:55] Starting PetRegistryPatientsApplication using Java 16.0.2 on WIN-SGTN0HOF7FO with PID 14008 (C:\Users\lanko\Desktop\Рабочий вариант\PetRegPat\PetRegistryPatients 2.2\target\classes started by lanko in C:\Users\lanko\Desktop\Рабочий вариант\PetRegPat\PetRegistryPatients 2.2)
2022-01-19 20:11:07,100 INFO [main] k.p.r.PetRegistryPatientsApplication [SpringApplication.java:635] No active profile set, falling back to default profiles: default
2022-01-19 20:11:07,900 INFO [main] o.s.d.r.c.RepositoryConfigurationDelegate [RepositoryConfigurationDelegate.java:132] Bootstrapping Spring Data JPA repositories in DEFAULT mode.
2022-01-19 20:11:07,980 INFO [main] o.s.d.r.c.RepositoryConfigurationDelegate [RepositoryConfigurationDelegate.java:201] Finished Spring Data repository scanning in 64 ms. Found 5 JPA repository interfaces.
2022-01-19 20:11:08,625 INFO [main] o.s.b.w.e.t.TomcatWebServer [TomcatWebServer.java:108] Tomcat initialized with port(s): 8080 (http)
2022-01-19 20:11:08,636 INFO [main] o.a.c.h.Http11NioProtocol [DirectJDKLog.java:173] Initializing ProtocolHandler ["http-nio-8080"]
2022-01-19 20:11:08,641 INFO [main] o.a.c.c.StandardService [DirectJDKLog.java:173] Starting service [Tomcat]
2022-01-19 20:11:08,642 INFO [main] o.a.c.c.StandardEngine [DirectJDKLog.java:173] Starting Servlet engine: [Apache Tomcat/9.0.56]
2022-01-19 20:11:08,742 INFO [main] o.a.c.c.C.[.[.[/] [DirectJDKLog.java:173] Initializing Spring embedded WebApplicationContext
2022-01-19 20:11:08,742 INFO [main] o.s.b.w.s.c.ServletWebServerApplicationContext [ServletWebServerApplicationContext.java:290] Root WebApplicationContext: initialization completed in 1599 ms
2022-01-19 20:11:08,956 INFO [main] o.h.j.i.u.LogHelper [LogHelper.java:31] HHH000204: Processing PersistenceUnitInfo [name: default]
2022-01-19 20:11:08,993 INFO [main] o.h.Version [Version.java:44] HHH000412: Hibernate ORM core version 5.6.3.Final
2022-01-19 20:11:09,095 INFO [main] o.h.a.c.Version [JavaReflectionManager.java:56] HCANN000001: Hibernate Commons Annotations {5.1.2.Final}
2022-01-19 20:11:09,163 INFO [main] c.z.h.HikariDataSource [HikariDataSource.java:110] HikariPool-1 - Starting...
2022-01-19 20:11:09,308 INFO [main] c.z.h.HikariDataSource [HikariDataSource.java:123] HikariPool-1 - Start completed.
2022-01-19 20:11:09,329 INFO [main] o.h.d.Dialect [Dialect.java:175] HHH000400: Using dialect: org.hibernate.dialect.PostgreSQL10Dialect
2022-01-19 20:11:09,916 INFO [main] o.h.e.t.j.p.i.JtaPlatformInitiator [JtaPlatformInitiator.java:52] HHH000490: Using JtaPlatform implementation: [org.hibernate.engine.transaction.jta.platform.internal.NoJtaPlatform]
2022-01-19 20:11:09,926 INFO [main] o.s.o.j.LocalContainerEntityManagerFactoryBean [AbstractEntityManagerFactoryBean.java:437] Initialized JPA EntityManagerFactory for persistence unit 'default'
2022-01-19 20:11:10,459 WARN [main] o.s.b.a.o.j.JpaBaseConfiguration$JpaWebConfiguration [JpaBaseConfiguration.java:219] spring.jpa.open-in-view is enabled by default. Therefore, database queries may be performed during view rendering. Explicitly configure spring.jpa.open-in-view to disable this warning
2022-01-19 20:11:10,838 INFO [main] o.s.s.w.DefaultSecurityFilterChain [DefaultSecurityFilterChain.java:51] Will secure any request with [org.springframework.security.web.context.request.async.WebAsyncManagerIntegrationFilter@37f627d0, org.springframework.security.web.context.SecurityContextPersistenceFilter@55e88bc, org.springframework.security.web.header.HeaderWriterFilter@5773f83d, org.springframework.security.web.authentication.logout.LogoutFilter@435a2c7d, JwtTokenFilter@153409b8, org.springframework.security.web.savedrequest.RequestCacheAwareFilter@334d825c, org.springframework.security.web.servletapi.SecurityContextHolderAwareRequestFilter@34ea86ff, org.springframework.security.web.authentication.AnonymousAuthenticationFilter@2a7392a3, org.springframework.security.web.session.SessionManagementFilter@20e9c165, org.springframework.security.web.access.ExceptionTranslationFilter@7267006e, org.springframework.security.web.access.intercept.FilterSecurityInterceptor@2a9ea03f]
2022-01-19 20:11:11,260 INFO [main] o.s.b.a.w.s.WelcomePageHandlerMapping [WelcomePageHandlerMapping.java:53] Adding welcome page: class path resource [static/index.html]
2022-01-19 20:11:12,257 INFO [main] o.a.c.h.Http11NioProtocol [DirectJDKLog.java:173] Starting ProtocolHandler ["http-nio-8080"]
2022-01-19 20:11:12,273 INFO [main] o.s.b.w.e.t.TomcatWebServer [TomcatWebServer.java:220] Tomcat started on port(s): 8080 (http) with context path ''
2022-01-19 20:11:12,284 INFO [main] k.p.r.PetRegistryPatientsApplication [StartupInfoLogger.java:61] Started PetRegistryPatientsApplication in 5.705 seconds (JVM running for 6.657)
2022-01-19 20:11:32,226 INFO [http-nio-8080-exec-2] o.a.c.c.C.[.[.[/] [DirectJDKLog.java:173] Initializing Spring DispatcherServlet 'dispatcherServlet'
2022-01-19 20:11:32,226 INFO [http-nio-8080-exec-2] o.s.w.s.DispatcherServlet [FrameworkServlet.java:525] Initializing Servlet 'dispatcherServlet'
2022-01-19 20:11:32,227 INFO [http-nio-8080-exec-2] o.s.w.s.DispatcherServlet [FrameworkServlet.java:547] Completed initialization in 1 ms
2022-01-19 20:11:51,186 INFO [SpringApplicationShutdownHook] o.s.o.j.LocalContainerEntityManagerFactoryBean [AbstractEntityManagerFactoryBean.java:651] Closing JPA EntityManagerFactory for persistence unit 'default'
2022-01-19 20:11:51,186 INFO [SpringApplicationShutdownHook] c.z.h.HikariDataSource [HikariDataSource.java:350] HikariPool-1 - Shutdown initiated...
2022-01-19 20:11:51,196 INFO [SpringApplicationShutdownHook] c.z.h.HikariDataSource [HikariDataSource.java:352] HikariPool-1 - Shutdown completed.
2022-01-23 08:08:29,170 INFO [background-preinit] o.h.v.i.u.Version [Version.java:21] HV000001: Hibernate Validator 6.2.0.Final
2022-01-23 08:08:29,199 INFO [main] k.r.RegistryPatientsApplication [StartupInfoLogger.java:55] Starting RegistryPatientsApplication using Java 16.0.2 on WIN-SGTN0HOF7FO with PID 1796 (C:\Users\lanko\Desktop\Рабочий вариант\RegPat\RegistryPatients 2.3\target\classes started by lanko in C:\Users\lanko\Desktop\Рабочий вариант\RegPat\RegistryPatients 2.3)
2022-01-23 08:08:29,200 INFO [main] k.r.RegistryPatientsApplication [SpringApplication.java:637] No active profile set, falling back to default profiles: default
2022-01-23 08:08:29,911 INFO [main] o.s.d.r.c.RepositoryConfigurationDelegate [RepositoryConfigurationDelegate.java:132] Bootstrapping Spring Data JPA repositories in DEFAULT mode.
2022-01-23 08:08:29,976 INFO [main] o.s.d.r.c.RepositoryConfigurationDelegate [RepositoryConfigurationDelegate.java:201] Finished Spring Data repository scanning in 58 ms. Found 5 JPA repository interfaces.
2022-01-23 08:08:30,588 INFO [main] o.s.b.w.e.t.TomcatWebServer [TomcatWebServer.java:108] Tomcat initialized with port(s): 8080 (http)
2022-01-23 08:08:30,597 INFO [main] o.a.c.h.Http11NioProtocol [DirectJDKLog.java:173] Initializing ProtocolHandler ["http-nio-8080"]
2022-01-23 08:08:30,597 INFO [main] o.a.c.c.StandardService [DirectJDKLog.java:173] Starting service [Tomcat]
2022-01-23 08:08:30,598 INFO [main] o.a.c.c.StandardEngine [DirectJDKLog.java:173] Starting Servlet engine: [Apache Tomcat/9.0.56]
2022-01-23 08:08:30,702 INFO [main] o.a.c.c.C.[.[.[/] [DirectJDKLog.java:173] Initializing Spring embedded WebApplicationContext
2022-01-23 08:08:30,703 INFO [main] o.s.b.w.s.c.ServletWebServerApplicationContext [ServletWebServerApplicationContext.java:290] Root WebApplicationContext: initialization completed in 1471 ms
2022-01-23 08:08:30,930 INFO [main] o.h.j.i.u.LogHelper [LogHelper.java:31] HHH000204: Processing PersistenceUnitInfo [name: default]
2022-01-23 08:08:30,966 INFO [main] o.h.Version [Version.java:44] HHH000412: Hibernate ORM core version 5.6.4.Final
2022-01-23 08:08:31,098 INFO [main] o.h.a.c.Version [JavaReflectionManager.java:56] HCANN000001: Hibernate Commons Annotations {5.1.2.Final}
2022-01-23 08:08:31,170 INFO [main] c.z.h.HikariDataSource [HikariDataSource.java:110] HikariPool-1 - Starting...
2022-01-23 08:08:31,307 INFO [main] c.z.h.HikariDataSource [HikariDataSource.java:123] HikariPool-1 - Start completed.
2022-01-23 08:08:31,327 INFO [main] o.h.d.Dialect [Dialect.java:175] HHH000400: Using dialect: org.hibernate.dialect.PostgreSQL10Dialect
2022-01-23 08:08:31,854 INFO [main] o.h.e.t.j.p.i.JtaPlatformInitiator [JtaPlatformInitiator.java:52] HHH000490: Using JtaPlatform implementation: [org.hibernate.engine.transaction.jta.platform.internal.NoJtaPlatform]
2022-01-23 08:08:31,861 INFO [main] o.s.o.j.LocalContainerEntityManagerFactoryBean [AbstractEntityManagerFactoryBean.java:437] Initialized JPA EntityManagerFactory for persistence unit 'default'
2022-01-23 08:08:32,357 WARN [main] o.s.b.a.o.j.JpaBaseConfiguration$JpaWebConfiguration [JpaBaseConfiguration.java:219] spring.jpa.open-in-view is enabled by default. Therefore, database queries may be performed during view rendering. Explicitly configure spring.jpa.open-in-view to disable this warning
2022-01-23 08:08:32,717 INFO [main] o.s.s.w.DefaultSecurityFilterChain [DefaultSecurityFilterChain.java:51] Will secure any request with [org.springframework.security.web.context.request.async.WebAsyncManagerIntegrationFilter@b814e23, org.springframework.security.web.context.SecurityContextPersistenceFilter@289cf7db, org.springframework.security.web.header.HeaderWriterFilter@d641499, org.springframework.security.web.authentication.logout.LogoutFilter@5c43cb12, kop.registrypatients.security.JwtTokenFilter@30cb223b, org.springframework.security.web.savedrequest.RequestCacheAwareFilter@351d726c, org.springframework.security.web.servletapi.SecurityContextHolderAwareRequestFilter@42ac309, org.springframework.security.web.authentication.AnonymousAuthenticationFilter@5f81507a, org.springframework.security.web.session.SessionManagementFilter@435a2c7d, org.springframework.security.web.access.ExceptionTranslationFilter@4946dfde, org.springframework.security.web.access.intercept.FilterSecurityInterceptor@4add4dff]
2022-01-23 08:08:33,099 INFO [main] o.s.b.a.w.s.WelcomePageHandlerMapping [WelcomePageHandlerMapping.java:53] Adding welcome page: class path resource [static/index.html]
2022-01-23 08:08:34,038 INFO [main] o.a.c.h.Http11NioProtocol [DirectJDKLog.java:173] Starting ProtocolHandler ["http-nio-8080"]
2022-01-23 08:08:34,058 INFO [main] o.s.b.w.e.t.TomcatWebServer [TomcatWebServer.java:220] Tomcat started on port(s): 8080 (http) with context path ''
2022-01-23 08:08:34,070 INFO [main] k.r.RegistryPatientsApplication [StartupInfoLogger.java:61] Started RegistryPatientsApplication in 5.308 seconds (JVM running for 6.156)
2022-01-23 08:09:10,717 INFO [http-nio-8080-exec-2] o.a.c.c.C.[.[.[/] [DirectJDKLog.java:173] Initializing Spring DispatcherServlet 'dispatcherServlet'
2022-01-23 08:09:10,717 INFO [http-nio-8080-exec-2] o.s.w.s.DispatcherServlet [FrameworkServlet.java:525] Initializing Servlet 'dispatcherServlet'
2022-01-23 08:09:10,718 INFO [http-nio-8080-exec-2] o.s.w.s.DispatcherServlet [FrameworkServlet.java:547] Completed initialization in 1 ms
